<?xml version="1.0" encoding="UTF-8"?>
<coverage generated="1715977986263" clover="3.2.0">
  <project timestamp="1715977986264" name="All files">
    <metrics statements="11" coveredstatements="8" conditionals="4" coveredconditionals="1" methods="1" coveredmethods="1" elements="16" coveredelements="10" complexity="0" loc="11" ncloc="11" packages="1" files="1" classes="1"/>
    <file name="examen.js" path="C:\Users\COMPU.CHEX\Desktop\CLONADO\api-service-dar\src\controllers\examen.js">
      <metrics statements="11" coveredstatements="8" conditionals="4" coveredconditionals="1" methods="1" coveredmethods="1"/>
      <line num="3" count="1" type="stmt"/>
      <line num="6" count="1" type="cond" truecount="1" falsecount="1"/>
      <line num="8" count="0" type="cond" truecount="0" falsecount="2"/>
      <line num="9" count="0" type="stmt"/>
      <line num="11" count="0" type="stmt"/>
      <line num="14" count="1" type="stmt"/>
      <line num="18" count="1" type="stmt"/>
      <line num="21" count="1" type="stmt"/>
      <line num="22" count="8" type="stmt"/>
      <line num="23" count="8" type="stmt"/>
      <line num="26" count="1" type="stmt"/>
    </file>
  </project>
</coverage>
